<?xml version="1.0" encoding="UTF-8"?>
<!-- Generated by org.testng.reporters.JUnitXMLReporter -->
<testsuite ignored="0" hostname="DESKTOP-7AP01TS" failures="0" tests="4" name="Default test" time="0.121" errors="0" timestamp="26 Nov 2021 07:20:45 GMT">
  <testcase classname="org.testMaven.TestngSample" name="tc1" time="0.011"/>
  <testcase classname="org.testMaven.TestngSample" name="tc2" time="0.018"/>
  <testcase classname="org.testMaven.TestngSample" name="tc3" time="0.007"/>
  <testcase classname="org.testMaven.TestngSample" name="tc4" time="0.005"/>
</testsuite> <!-- Default test -->
